chill_app/android/app/build/intermediates/manifest_merge_blame_file/debug/manifest-merger-blame-debug-report.txt
1<?xml version="1.0" encoding="utf-8"?>
2<manifest xmlns:android="http://schemas.android.com/apk/res/android"
3    package="com.example.chill_app"
4    android:versionCode="1"
5    android:versionName="1.0.0" >
6
7    <uses-sdk
8        android:minSdkVersion="21"
9        android:targetSdkVersion="33" />
10    <!--
11         The INTERNET permission is required for development. Specifically,
12         the Flutter tool needs it to communicate with the running application
13         to allow setting breakpoints, to provide hot reload, etc.
14    -->
15    <uses-permission android:name="android.permission.INTERNET" />
15-->src\debug\AndroidManifest.xml:6:5-66
15-->src\debug\AndroidManifest.xml:6:22-64
16    <uses-permission android:name="android.permission.ACCESS_FINE_LOCATION" />
16-->src\main\AndroidManifest.xml:3:5-79
16-->src\main\AndroidManifest.xml:3:22-76
17    <uses-permission android:name="android.permission.ACCESS_COARSE_LOCATION" />
17-->src\main\AndroidManifest.xml:4:5-81
17-->src\main\AndroidManifest.xml:4:22-78
18    <!--
19 Required to query activities that can process text, see:
20         https://developer.android.com/training/package-visibility?hl=en and
21         https://developer.android.com/reference/android/content/Intent#ACTION_PROCESS_TEXT.
22
23         In particular, this is used by the Flutter engine in io.flutter.plugin.text.ProcessTextPlugin.
24    -->
25    <queries>
25-->src\main\AndroidManifest.xml:43:5-48:15
26        <intent>
26-->src\main\AndroidManifest.xml:44:9-47:18
27            <action android:name="android.intent.action.PROCESS_TEXT" />
27-->src\main\AndroidManifest.xml:45:13-72
27-->src\main\AndroidManifest.xml:45:21-70
28
29            <data android:mimeType="text/plain" />
29-->src\main\AndroidManifest.xml:46:13-50
29-->src\main\AndroidManifest.xml:46:19-48
30        </intent>
31        <!-- Needs to be explicitly declared on Android R+ -->
32        <package android:name="com.google.android.apps.maps" />
32-->[com.google.android.gms:play-services-maps:18.2.0] AndroidManifest.xml:33:9-64
32-->[com.google.android.gms:play-services-maps:18.2.0] AndroidManifest.xml:33:18-61
33    </queries>
34
35    <uses-permission android:name="android.permission.ACCESS_NETWORK_STATE" />
35-->[com.google.firebase:firebase-auth:22.3.1] AndroidManifest.xml:26:5-79
35-->[com.google.firebase:firebase-auth:22.3.1] AndroidManifest.xml:26:22-76
36    <uses-permission android:name="com.google.android.providers.gsf.permission.READ_GSERVICES" />
36-->[com.google.android.recaptcha:recaptcha:18.4.0] AndroidManifest.xml:9:5-98
36-->[com.google.android.recaptcha:recaptcha:18.4.0] AndroidManifest.xml:9:22-95
37
38    <uses-feature
38-->[com.google.android.gms:play-services-maps:18.2.0] AndroidManifest.xml:26:5-28:35
39        android:glEsVersion="0x00020000"
39-->[com.google.android.gms:play-services-maps:18.2.0] AndroidManifest.xml:27:9-41
40        android:required="true" />
40-->[com.google.android.gms:play-services-maps:18.2.0] AndroidManifest.xml:28:9-32
41
42    <permission
42-->[androidx.core:core:1.10.1] AndroidManifest.xml:22:5-24:47
43        android:name="com.example.chill_app.DYNAMIC_RECEIVER_NOT_EXPORTED_PERMISSION"
43-->[androidx.core:core:1.10.1] AndroidManifest.xml:23:9-81
44        android:protectionLevel="signature" />
44-->[androidx.core:core:1.10.1] AndroidManifest.xml:24:9-44
45
46    <uses-permission android:name="com.example.chill_app.DYNAMIC_RECEIVER_NOT_EXPORTED_PERMISSION" />
46-->[androidx.core:core:1.10.1] AndroidManifest.xml:26:5-97
46-->[androidx.core:core:1.10.1] AndroidManifest.xml:26:22-94
47
48    <application
49        android:name="android.app.Application"
50        android:appComponentFactory="androidx.core.app.CoreComponentFactory"
50-->[androidx.core:core:1.10.1] AndroidManifest.xml:28:18-86
51        android:debuggable="true"
52        android:icon="@mipmap/ic_launcher"
53        android:label="chill_app" >
54        <activity
55            android:name="com.example.chill_app.MainActivity"
56            android:configChanges="orientation|keyboardHidden|keyboard|screenSize|smallestScreenSize|locale|layoutDirection|fontScale|screenLayout|density|uiMode"
57            android:exported="true"
58            android:hardwareAccelerated="true"
59            android:launchMode="singleTop"
60            android:theme="@style/LaunchTheme"
61            android:windowSoftInputMode="adjustResize" >
62
63            <!--
64                 Specifies an Android theme to apply to this Activity as soon as
65                 the Android process has started. This theme is visible to the user
66                 while the Flutter UI initializes. After that, this theme continues
67                 to determine the Window background behind the Flutter UI.
68            -->
69            <meta-data
70                android:name="io.flutter.embedding.android.NormalTheme"
71                android:resource="@style/NormalTheme" />
72
73            <intent-filter>
74                <action android:name="android.intent.action.MAIN" />
75
76                <category android:name="android.intent.category.LAUNCHER" />
77            </intent-filter>
78        </activity>
79
80        <meta-data
81            android:name="com.google.android.geo.API_KEY"
82            android:value="AIzaSyB3l-ArcYg29fx5CJhnGLdY5qZkbzKifck" />
83        <!--
84             Don't delete the meta-data below.
85             This is used by the Flutter tool to generate GeneratedPluginRegistrant.java
86        -->
87        <meta-data
88            android:name="flutterEmbedding"
89            android:value="2" />
90
91        <service
91-->[:firebase_auth] AndroidManifest.xml:10:9-14:19
92            android:name="com.google.firebase.components.ComponentDiscoveryService"
92-->[:firebase_auth] AndroidManifest.xml:10:18-89
93            android:directBootAware="true"
93-->[com.google.firebase:firebase-common:20.4.3] AndroidManifest.xml:32:13-43
94            android:exported="false" >
94-->[com.google.firebase:firebase-auth:22.3.1] AndroidManifest.xml:68:13-37
95            <meta-data
95-->[:firebase_auth] AndroidManifest.xml:11:13-13:85
96                android:name="com.google.firebase.components:io.flutter.plugins.firebase.auth.FlutterFirebaseAuthRegistrar"
96-->[:firebase_auth] AndroidManifest.xml:12:17-124
97                android:value="com.google.firebase.components.ComponentRegistrar" />
97-->[:firebase_auth] AndroidManifest.xml:13:17-82
98            <meta-data
98-->[:firebase_storage] AndroidManifest.xml:11:13-13:85
99                android:name="com.google.firebase.components:io.flutter.plugins.firebase.storage.FlutterFirebaseAppRegistrar"
99-->[:firebase_storage] AndroidManifest.xml:12:17-126
100                android:value="com.google.firebase.components.ComponentRegistrar" />
100-->[:firebase_storage] AndroidManifest.xml:13:17-82
101            <meta-data
101-->[:cloud_firestore] AndroidManifest.xml:11:13-13:85
102                android:name="com.google.firebase.components:io.flutter.plugins.firebase.firestore.FlutterFirebaseFirestoreRegistrar"
102-->[:cloud_firestore] AndroidManifest.xml:12:17-134
103                android:value="com.google.firebase.components.ComponentRegistrar" />
103-->[:cloud_firestore] AndroidManifest.xml:13:17-82
104            <meta-data
104-->[:firebase_core] AndroidManifest.xml:11:13-13:85
105                android:name="com.google.firebase.components:io.flutter.plugins.firebase.core.FlutterFirebaseCoreRegistrar"
105-->[:firebase_core] AndroidManifest.xml:12:17-124
106                android:value="com.google.firebase.components.ComponentRegistrar" />
106-->[:firebase_core] AndroidManifest.xml:13:17-82
107            <meta-data
107-->[com.google.firebase:firebase-auth:22.3.1] AndroidManifest.xml:69:13-71:85
108                android:name="com.google.firebase.components:com.google.firebase.auth.FirebaseAuthRegistrar"
108-->[com.google.firebase:firebase-auth:22.3.1] AndroidManifest.xml:70:17-109
109                android:value="com.google.firebase.components.ComponentRegistrar" />
109-->[com.google.firebase:firebase-auth:22.3.1] AndroidManifest.xml:71:17-82
110            <meta-data
110-->[com.google.firebase:firebase-firestore:24.11.0] AndroidManifest.xml:17:13-19:85
111                android:name="com.google.firebase.components:com.google.firebase.firestore.FirebaseFirestoreKtxRegistrar"
111-->[com.google.firebase:firebase-firestore:24.11.0] AndroidManifest.xml:18:17-122
112                android:value="com.google.firebase.components.ComponentRegistrar" />
112-->[com.google.firebase:firebase-firestore:24.11.0] AndroidManifest.xml:19:17-82
113            <meta-data
113-->[com.google.firebase:firebase-firestore:24.11.0] AndroidManifest.xml:20:13-22:85
114                android:name="com.google.firebase.components:com.google.firebase.firestore.FirestoreRegistrar"
114-->[com.google.firebase:firebase-firestore:24.11.0] AndroidManifest.xml:21:17-111
115                android:value="com.google.firebase.components.ComponentRegistrar" />
115-->[com.google.firebase:firebase-firestore:24.11.0] AndroidManifest.xml:22:17-82
116            <meta-data
116-->[com.google.firebase:firebase-storage:20.3.0] AndroidManifest.xml:30:13-32:85
117                android:name="com.google.firebase.components:com.google.firebase.storage.FirebaseStorageKtxRegistrar"
117-->[com.google.firebase:firebase-storage:20.3.0] AndroidManifest.xml:31:17-118
118                android:value="com.google.firebase.components.ComponentRegistrar" />
118-->[com.google.firebase:firebase-storage:20.3.0] AndroidManifest.xml:32:17-82
119            <meta-data
119-->[com.google.firebase:firebase-storage:20.3.0] AndroidManifest.xml:33:13-35:85
120                android:name="com.google.firebase.components:com.google.firebase.storage.StorageRegistrar"
120-->[com.google.firebase:firebase-storage:20.3.0] AndroidManifest.xml:34:17-107
121                android:value="com.google.firebase.components.ComponentRegistrar" />
121-->[com.google.firebase:firebase-storage:20.3.0] AndroidManifest.xml:35:17-82
122            <meta-data
122-->[com.google.firebase:firebase-appcheck:17.1.2] AndroidManifest.xml:25:13-27:85
123                android:name="com.google.firebase.components:com.google.firebase.appcheck.FirebaseAppCheckKtxRegistrar"
123-->[com.google.firebase:firebase-appcheck:17.1.2] AndroidManifest.xml:26:17-120
124                android:value="com.google.firebase.components.ComponentRegistrar" />
124-->[com.google.firebase:firebase-appcheck:17.1.2] AndroidManifest.xml:27:17-82
125            <meta-data
125-->[com.google.firebase:firebase-appcheck:17.1.2] AndroidManifest.xml:28:13-30:85
126                android:name="com.google.firebase.components:com.google.firebase.appcheck.FirebaseAppCheckRegistrar"
126-->[com.google.firebase:firebase-appcheck:17.1.2] AndroidManifest.xml:29:17-117
127                android:value="com.google.firebase.components.ComponentRegistrar" />
127-->[com.google.firebase:firebase-appcheck:17.1.2] AndroidManifest.xml:30:17-82
128            <meta-data
128-->[com.google.firebase:firebase-common-ktx:20.4.3] AndroidManifest.xml:12:13-14:85
129                android:name="com.google.firebase.components:com.google.firebase.ktx.FirebaseCommonLegacyRegistrar"
129-->[com.google.firebase:firebase-common-ktx:20.4.3] AndroidManifest.xml:13:17-116
130                android:value="com.google.firebase.components.ComponentRegistrar" />
130-->[com.google.firebase:firebase-common-ktx:20.4.3] AndroidManifest.xml:14:17-82
131            <meta-data
131-->[com.google.firebase:firebase-common:20.4.3] AndroidManifest.xml:35:13-37:85
132                android:name="com.google.firebase.components:com.google.firebase.FirebaseCommonKtxRegistrar"
132-->[com.google.firebase:firebase-common:20.4.3] AndroidManifest.xml:36:17-109
133                android:value="com.google.firebase.components.ComponentRegistrar" />
133-->[com.google.firebase:firebase-common:20.4.3] AndroidManifest.xml:37:17-82
134        </service>
135        <service
135-->[:location] AndroidManifest.xml:13:9-17:56
136            android:name="com.lyokone.location.FlutterLocationService"
136-->[:location] AndroidManifest.xml:14:13-71
137            android:enabled="true"
137-->[:location] AndroidManifest.xml:15:13-35
138            android:exported="false"
138-->[:location] AndroidManifest.xml:16:13-37
139            android:foregroundServiceType="location" />
139-->[:location] AndroidManifest.xml:17:13-53
140
141        <uses-library
141-->[androidx.window:window:1.0.0-beta04] AndroidManifest.xml:25:9-27:40
142            android:name="androidx.window.extensions"
142-->[androidx.window:window:1.0.0-beta04] AndroidManifest.xml:26:13-54
143            android:required="false" />
143-->[androidx.window:window:1.0.0-beta04] AndroidManifest.xml:27:13-37
144        <uses-library
144-->[androidx.window:window:1.0.0-beta04] AndroidManifest.xml:28:9-30:40
145            android:name="androidx.window.sidecar"
145-->[androidx.window:window:1.0.0-beta04] AndroidManifest.xml:29:13-51
146            android:required="false" />
146-->[androidx.window:window:1.0.0-beta04] AndroidManifest.xml:30:13-37
147
148        <activity
148-->[com.google.firebase:firebase-auth:22.3.1] AndroidManifest.xml:29:9-46:20
149            android:name="com.google.firebase.auth.internal.GenericIdpActivity"
149-->[com.google.firebase:firebase-auth:22.3.1] AndroidManifest.xml:30:13-80
150            android:excludeFromRecents="true"
150-->[com.google.firebase:firebase-auth:22.3.1] AndroidManifest.xml:31:13-46
151            android:exported="true"
151-->[com.google.firebase:firebase-auth:22.3.1] AndroidManifest.xml:32:13-36
152            android:launchMode="singleTask"
152-->[com.google.firebase:firebase-auth:22.3.1] AndroidManifest.xml:33:13-44
153            android:theme="@android:style/Theme.Translucent.NoTitleBar" >
153-->[com.google.firebase:firebase-auth:22.3.1] AndroidManifest.xml:34:13-72
154            <intent-filter>
154-->[com.google.firebase:firebase-auth:22.3.1] AndroidManifest.xml:35:13-45:29
155                <action android:name="android.intent.action.VIEW" />
155-->[com.google.firebase:firebase-auth:22.3.1] AndroidManifest.xml:36:17-69
155-->[com.google.firebase:firebase-auth:22.3.1] AndroidManifest.xml:36:25-66
156
157                <category android:name="android.intent.category.DEFAULT" />
157-->[com.google.firebase:firebase-auth:22.3.1] AndroidManifest.xml:38:17-76
157-->[com.google.firebase:firebase-auth:22.3.1] AndroidManifest.xml:38:27-73
158                <category android:name="android.intent.category.BROWSABLE" />
158-->[com.google.firebase:firebase-auth:22.3.1] AndroidManifest.xml:39:17-78
158-->[com.google.firebase:firebase-auth:22.3.1] AndroidManifest.xml:39:27-75
159
160                <data
160-->src\main\AndroidManifest.xml:46:13-50
161                    android:host="firebase.auth"
162                    android:path="/"
163                    android:scheme="genericidp" />
164            </intent-filter>
165        </activity>
166        <activity
166-->[com.google.firebase:firebase-auth:22.3.1] AndroidManifest.xml:47:9-64:20
167            android:name="com.google.firebase.auth.internal.RecaptchaActivity"
167-->[com.google.firebase:firebase-auth:22.3.1] AndroidManifest.xml:48:13-79
168            android:excludeFromRecents="true"
168-->[com.google.firebase:firebase-auth:22.3.1] AndroidManifest.xml:49:13-46
169            android:exported="true"
169-->[com.google.firebase:firebase-auth:22.3.1] AndroidManifest.xml:50:13-36
170            android:launchMode="singleTask"
170-->[com.google.firebase:firebase-auth:22.3.1] AndroidManifest.xml:51:13-44
171            android:theme="@android:style/Theme.Translucent.NoTitleBar" >
171-->[com.google.firebase:firebase-auth:22.3.1] AndroidManifest.xml:52:13-72
172            <intent-filter>
172-->[com.google.firebase:firebase-auth:22.3.1] AndroidManifest.xml:53:13-63:29
173                <action android:name="android.intent.action.VIEW" />
173-->[com.google.firebase:firebase-auth:22.3.1] AndroidManifest.xml:36:17-69
173-->[com.google.firebase:firebase-auth:22.3.1] AndroidManifest.xml:36:25-66
174
175                <category android:name="android.intent.category.DEFAULT" />
175-->[com.google.firebase:firebase-auth:22.3.1] AndroidManifest.xml:38:17-76
175-->[com.google.firebase:firebase-auth:22.3.1] AndroidManifest.xml:38:27-73
176                <category android:name="android.intent.category.BROWSABLE" />
176-->[com.google.firebase:firebase-auth:22.3.1] AndroidManifest.xml:39:17-78
176-->[com.google.firebase:firebase-auth:22.3.1] AndroidManifest.xml:39:27-75
177
178                <data
178-->src\main\AndroidManifest.xml:46:13-50
179                    android:host="firebase.auth"
180                    android:path="/"
181                    android:scheme="recaptcha" />
182            </intent-filter>
183        </activity>
184
185        <provider
185-->[com.google.firebase:firebase-common:20.4.3] AndroidManifest.xml:23:9-28:39
186            android:name="com.google.firebase.provider.FirebaseInitProvider"
186-->[com.google.firebase:firebase-common:20.4.3] AndroidManifest.xml:24:13-77
187            android:authorities="com.example.chill_app.firebaseinitprovider"
187-->[com.google.firebase:firebase-common:20.4.3] AndroidManifest.xml:25:13-72
188            android:directBootAware="true"
188-->[com.google.firebase:firebase-common:20.4.3] AndroidManifest.xml:26:13-43
189            android:exported="false"
189-->[com.google.firebase:firebase-common:20.4.3] AndroidManifest.xml:27:13-37
190            android:initOrder="100" /> <!-- Needs to be explicitly declared on P+ -->
190-->[com.google.firebase:firebase-common:20.4.3] AndroidManifest.xml:28:13-36
191        <uses-library
191-->[com.google.android.gms:play-services-maps:18.2.0] AndroidManifest.xml:39:9-41:40
192            android:name="org.apache.http.legacy"
192-->[com.google.android.gms:play-services-maps:18.2.0] AndroidManifest.xml:40:13-50
193            android:required="false" />
193-->[com.google.android.gms:play-services-maps:18.2.0] AndroidManifest.xml:41:13-37
194
195        <activity
195-->[com.google.android.gms:play-services-base:18.3.0] AndroidManifest.xml:20:9-22:45
196            android:name="com.google.android.gms.common.api.GoogleApiActivity"
196-->[com.google.android.gms:play-services-base:18.3.0] AndroidManifest.xml:20:19-85
197            android:exported="false"
197-->[com.google.android.gms:play-services-base:18.3.0] AndroidManifest.xml:22:19-43
198            android:theme="@android:style/Theme.Translucent.NoTitleBar" />
198-->[com.google.android.gms:play-services-base:18.3.0] AndroidManifest.xml:21:19-78
199
200        <meta-data
200-->[com.google.android.gms:play-services-basement:18.3.0] AndroidManifest.xml:21:9-23:69
201            android:name="com.google.android.gms.version"
201-->[com.google.android.gms:play-services-basement:18.3.0] AndroidManifest.xml:22:13-58
202            android:value="@integer/google_play_services_version" />
202-->[com.google.android.gms:play-services-basement:18.3.0] AndroidManifest.xml:23:13-66
203    </application>
204
205</manifest>